[0.510s] Invoking command in '/home/goldminsu/self_driving_car_ws/src/prius_sdc_pkg': CONDA_PROMPT_MODIFIER=(auto) PYTHONPATH=/home/goldminsu/self_driving_car_ws/build/prius_sdc_pkg/prefix_override:/home/goldminsu/self_driving_car_ws/install/prius_sdc_pkg/lib/python3.8/site-packages:${PYTHONPATH} /usr/bin/python3 setup.py egg_info --egg-base ../../build/prius_sdc_pkg build --build-base /home/goldminsu/self_driving_car_ws/build/prius_sdc_pkg/build install --record /home/goldminsu/self_driving_car_ws/build/prius_sdc_pkg/install.log --install-scripts $base/lib/prius_sdc_pkg --single-version-externally-managed
[0.626s] running egg_info
[0.626s] writing ../../build/prius_sdc_pkg/prius_sdc_pkg.egg-info/PKG-INFO
[0.626s] writing dependency_links to ../../build/prius_sdc_pkg/prius_sdc_pkg.egg-info/dependency_links.txt
[0.626s] writing entry points to ../../build/prius_sdc_pkg/prius_sdc_pkg.egg-info/entry_points.txt
[0.626s] writing requirements to ../../build/prius_sdc_pkg/prius_sdc_pkg.egg-info/requires.txt
[0.626s] writing top-level names to ../../build/prius_sdc_pkg/prius_sdc_pkg.egg-info/top_level.txt
[0.645s] reading manifest file '../../build/prius_sdc_pkg/prius_sdc_pkg.egg-info/SOURCES.txt'
[0.646s] writing manifest file '../../build/prius_sdc_pkg/prius_sdc_pkg.egg-info/SOURCES.txt'
[0.646s] running build
[0.646s] running build_py
[0.646s] running install
[0.646s] running install_lib
[0.647s] running install_data
[0.647s] running install_egg_info
[0.648s] removing '/home/goldminsu/self_driving_car_ws/install/prius_sdc_pkg/lib/python3.8/site-packages/prius_sdc_pkg-0.0.0-py3.8.egg-info' (and everything under it)
[0.648s] Copying ../../build/prius_sdc_pkg/prius_sdc_pkg.egg-info to /home/goldminsu/self_driving_car_ws/install/prius_sdc_pkg/lib/python3.8/site-packages/prius_sdc_pkg-0.0.0-py3.8.egg-info
[0.649s] running install_scripts
[0.659s] writing list of installed files to '/home/goldminsu/self_driving_car_ws/build/prius_sdc_pkg/install.log'
[0.670s] Invoked command in '/home/goldminsu/self_driving_car_ws/src/prius_sdc_pkg' returned '0': CONDA_PROMPT_MODIFIER=(auto) PYTHONPATH=/home/goldminsu/self_driving_car_ws/build/prius_sdc_pkg/prefix_override:/home/goldminsu/self_driving_car_ws/install/prius_sdc_pkg/lib/python3.8/site-packages:${PYTHONPATH} /usr/bin/python3 setup.py egg_info --egg-base ../../build/prius_sdc_pkg build --build-base /home/goldminsu/self_driving_car_ws/build/prius_sdc_pkg/build install --record /home/goldminsu/self_driving_car_ws/build/prius_sdc_pkg/install.log --install-scripts $base/lib/prius_sdc_pkg --single-version-externally-managed
