[0.574s] Invoking command in '/home/goldminsu/self_driving_car_ws/src/prius_sdc_pkg': PYTHONPATH=/home/goldminsu/self_driving_car_ws/build/prius_sdc_pkg/prefix_override:/home/goldminsu/self_driving_car_ws/install/prius_sdc_pkg/lib/python3.8/site-packages:${PYTHONPATH} /usr/bin/python3 setup.py egg_info --egg-base ../../build/prius_sdc_pkg build --build-base /home/goldminsu/self_driving_car_ws/build/prius_sdc_pkg/build install --record /home/goldminsu/self_driving_car_ws/build/prius_sdc_pkg/install.log --install-scripts $base/lib/prius_sdc_pkg --single-version-externally-managed
[0.694s] running egg_info
[0.694s] writing ../../build/prius_sdc_pkg/prius_sdc_pkg.egg-info/PKG-INFO
[0.694s] writing dependency_links to ../../build/prius_sdc_pkg/prius_sdc_pkg.egg-info/dependency_links.txt
[0.694s] writing entry points to ../../build/prius_sdc_pkg/prius_sdc_pkg.egg-info/entry_points.txt
[0.694s] writing requirements to ../../build/prius_sdc_pkg/prius_sdc_pkg.egg-info/requires.txt
[0.694s] writing top-level names to ../../build/prius_sdc_pkg/prius_sdc_pkg.egg-info/top_level.txt
[0.713s] reading manifest file '../../build/prius_sdc_pkg/prius_sdc_pkg.egg-info/SOURCES.txt'
[0.714s] writing manifest file '../../build/prius_sdc_pkg/prius_sdc_pkg.egg-info/SOURCES.txt'
[0.714s] running build
[0.714s] running build_py
[0.714s] copying prius_sdc_pkg/Detection/Lanes/colour_segmentation.py -> /home/goldminsu/self_driving_car_ws/build/prius_sdc_pkg/build/lib/prius_sdc_pkg/Detection/Lanes
[0.714s] copying prius_sdc_pkg/Detection/Lanes/lane_detection.py -> /home/goldminsu/self_driving_car_ws/build/prius_sdc_pkg/build/lib/prius_sdc_pkg/Detection/Lanes
[0.714s] running install
[0.715s] running install_lib
[0.716s] copying /home/goldminsu/self_driving_car_ws/build/prius_sdc_pkg/build/lib/prius_sdc_pkg/Detection/Lanes/colour_segmentation.py -> /home/goldminsu/self_driving_car_ws/install/prius_sdc_pkg/lib/python3.8/site-packages/prius_sdc_pkg/Detection/Lanes
[0.716s] copying /home/goldminsu/self_driving_car_ws/build/prius_sdc_pkg/build/lib/prius_sdc_pkg/Detection/Lanes/lane_detection.py -> /home/goldminsu/self_driving_car_ws/install/prius_sdc_pkg/lib/python3.8/site-packages/prius_sdc_pkg/Detection/Lanes
[0.716s] byte-compiling /home/goldminsu/self_driving_car_ws/install/prius_sdc_pkg/lib/python3.8/site-packages/prius_sdc_pkg/Detection/Lanes/colour_segmentation.py to colour_segmentation.cpython-38.pyc
[0.717s] byte-compiling /home/goldminsu/self_driving_car_ws/install/prius_sdc_pkg/lib/python3.8/site-packages/prius_sdc_pkg/Detection/Lanes/lane_detection.py to lane_detection.cpython-38.pyc
[0.717s] running install_data
[0.717s] running install_egg_info
[0.718s] removing '/home/goldminsu/self_driving_car_ws/install/prius_sdc_pkg/lib/python3.8/site-packages/prius_sdc_pkg-0.0.0-py3.8.egg-info' (and everything under it)
[0.719s] Copying ../../build/prius_sdc_pkg/prius_sdc_pkg.egg-info to /home/goldminsu/self_driving_car_ws/install/prius_sdc_pkg/lib/python3.8/site-packages/prius_sdc_pkg-0.0.0-py3.8.egg-info
[0.719s] running install_scripts
[0.728s] Installing computer_vision_node script to /home/goldminsu/self_driving_car_ws/install/prius_sdc_pkg/lib/prius_sdc_pkg
[0.729s] Installing driver_node script to /home/goldminsu/self_driving_car_ws/install/prius_sdc_pkg/lib/prius_sdc_pkg
[0.729s] Installing recorder_node script to /home/goldminsu/self_driving_car_ws/install/prius_sdc_pkg/lib/prius_sdc_pkg
[0.729s] Installing spawner_node script to /home/goldminsu/self_driving_car_ws/install/prius_sdc_pkg/lib/prius_sdc_pkg
[0.729s] writing list of installed files to '/home/goldminsu/self_driving_car_ws/build/prius_sdc_pkg/install.log'
[0.741s] Invoked command in '/home/goldminsu/self_driving_car_ws/src/prius_sdc_pkg' returned '0': PYTHONPATH=/home/goldminsu/self_driving_car_ws/build/prius_sdc_pkg/prefix_override:/home/goldminsu/self_driving_car_ws/install/prius_sdc_pkg/lib/python3.8/site-packages:${PYTHONPATH} /usr/bin/python3 setup.py egg_info --egg-base ../../build/prius_sdc_pkg build --build-base /home/goldminsu/self_driving_car_ws/build/prius_sdc_pkg/build install --record /home/goldminsu/self_driving_car_ws/build/prius_sdc_pkg/install.log --install-scripts $base/lib/prius_sdc_pkg --single-version-externally-managed
