/home/goldminsu/self_driving_car_ws/install/prius_sdc_pkg/lib/python3.8/site-packages/prius_sdc_pkg/Drive_Bot.py
/home/goldminsu/self_driving_car_ws/install/prius_sdc_pkg/lib/python3.8/site-packages/prius_sdc_pkg/sdf_spawner.py
/home/goldminsu/self_driving_car_ws/install/prius_sdc_pkg/lib/python3.8/site-packages/prius_sdc_pkg/video_recorder.py
/home/goldminsu/self_driving_car_ws/install/prius_sdc_pkg/lib/python3.8/site-packages/prius_sdc_pkg/__init__.py
/home/goldminsu/self_driving_car_ws/install/prius_sdc_pkg/lib/python3.8/site-packages/prius_sdc_pkg/computer_vision_node.py
/home/goldminsu/self_driving_car_ws/install/prius_sdc_pkg/lib/python3.8/site-packages/prius_sdc_pkg/driving_node.py
/home/goldminsu/self_driving_car_ws/install/prius_sdc_pkg/lib/python3.8/site-packages/prius_sdc_pkg/config/config.py
/home/goldminsu/self_driving_car_ws/install/prius_sdc_pkg/lib/python3.8/site-packages/prius_sdc_pkg/config/__init__.py
/home/goldminsu/self_driving_car_ws/install/prius_sdc_pkg/lib/python3.8/site-packages/prius_sdc_pkg/Detection/__init__.py
/home/goldminsu/self_driving_car_ws/install/prius_sdc_pkg/lib/python3.8/site-packages/prius_sdc_pkg/Detection/Lanes/d_data_extraction.py
/home/goldminsu/self_driving_car_ws/install/prius_sdc_pkg/lib/python3.8/site-packages/prius_sdc_pkg/Detection/Lanes/utilities.py
/home/goldminsu/self_driving_car_ws/install/prius_sdc_pkg/lib/python3.8/site-packages/prius_sdc_pkg/Detection/Lanes/c_cleaning.py
/home/goldminsu/self_driving_car_ws/install/prius_sdc_pkg/lib/python3.8/site-packages/prius_sdc_pkg/Detection/Lanes/Morph_op.py
/home/goldminsu/self_driving_car_ws/install/prius_sdc_pkg/lib/python3.8/site-packages/prius_sdc_pkg/Detection/Lanes/a_colour_segmentation.py
/home/goldminsu/self_driving_car_ws/install/prius_sdc_pkg/lib/python3.8/site-packages/prius_sdc_pkg/Detection/Lanes/lane_detection.py
/home/goldminsu/self_driving_car_ws/install/prius_sdc_pkg/lib/python3.8/site-packages/prius_sdc_pkg/Detection/Lanes/__init__.py
/home/goldminsu/self_driving_car_ws/install/prius_sdc_pkg/lib/python3.8/site-packages/prius_sdc_pkg/Detection/Lanes/b_midlane_estimation.py
/home/goldminsu/self_driving_car_ws/install/prius_sdc_pkg/lib/python3.8/site-packages/prius_sdc_pkg/__pycache__/Drive_Bot.cpython-38.pyc
/home/goldminsu/self_driving_car_ws/install/prius_sdc_pkg/lib/python3.8/site-packages/prius_sdc_pkg/__pycache__/sdf_spawner.cpython-38.pyc
/home/goldminsu/self_driving_car_ws/install/prius_sdc_pkg/lib/python3.8/site-packages/prius_sdc_pkg/__pycache__/video_recorder.cpython-38.pyc
/home/goldminsu/self_driving_car_ws/install/prius_sdc_pkg/lib/python3.8/site-packages/prius_sdc_pkg/__pycache__/__init__.cpython-38.pyc
/home/goldminsu/self_driving_car_ws/install/prius_sdc_pkg/lib/python3.8/site-packages/prius_sdc_pkg/__pycache__/computer_vision_node.cpython-38.pyc
/home/goldminsu/self_driving_car_ws/install/prius_sdc_pkg/lib/python3.8/site-packages/prius_sdc_pkg/__pycache__/driving_node.cpython-38.pyc
/home/goldminsu/self_driving_car_ws/install/prius_sdc_pkg/lib/python3.8/site-packages/prius_sdc_pkg/config/__pycache__/config.cpython-38.pyc
/home/goldminsu/self_driving_car_ws/install/prius_sdc_pkg/lib/python3.8/site-packages/prius_sdc_pkg/config/__pycache__/__init__.cpython-38.pyc
/home/goldminsu/self_driving_car_ws/install/prius_sdc_pkg/lib/python3.8/site-packages/prius_sdc_pkg/Detection/__pycache__/__init__.cpython-38.pyc
/home/goldminsu/self_driving_car_ws/install/prius_sdc_pkg/lib/python3.8/site-packages/prius_sdc_pkg/Detection/Lanes/__pycache__/d_data_extraction.cpython-38.pyc
/home/goldminsu/self_driving_car_ws/install/prius_sdc_pkg/lib/python3.8/site-packages/prius_sdc_pkg/Detection/Lanes/__pycache__/utilities.cpython-38.pyc
/home/goldminsu/self_driving_car_ws/install/prius_sdc_pkg/lib/python3.8/site-packages/prius_sdc_pkg/Detection/Lanes/__pycache__/c_cleaning.cpython-38.pyc
/home/goldminsu/self_driving_car_ws/install/prius_sdc_pkg/lib/python3.8/site-packages/prius_sdc_pkg/Detection/Lanes/__pycache__/Morph_op.cpython-38.pyc
/home/goldminsu/self_driving_car_ws/install/prius_sdc_pkg/lib/python3.8/site-packages/prius_sdc_pkg/Detection/Lanes/__pycache__/a_colour_segmentation.cpython-38.pyc
/home/goldminsu/self_driving_car_ws/install/prius_sdc_pkg/lib/python3.8/site-packages/prius_sdc_pkg/Detection/Lanes/__pycache__/lane_detection.cpython-38.pyc
/home/goldminsu/self_driving_car_ws/install/prius_sdc_pkg/lib/python3.8/site-packages/prius_sdc_pkg/Detection/Lanes/__pycache__/__init__.cpython-38.pyc
/home/goldminsu/self_driving_car_ws/install/prius_sdc_pkg/lib/python3.8/site-packages/prius_sdc_pkg/Detection/Lanes/__pycache__/b_midlane_estimation.cpython-38.pyc
/home/goldminsu/self_driving_car_ws/install/prius_sdc_pkg/share/ament_index/resource_index/packages/prius_sdc_pkg
/home/goldminsu/self_driving_car_ws/install/prius_sdc_pkg/share/prius_sdc_pkg/package.xml
/home/goldminsu/self_driving_car_ws/install/prius_sdc_pkg/share/prius_sdc_pkg/launch/record_drive.launch.py
/home/goldminsu/self_driving_car_ws/install/prius_sdc_pkg/share/prius_sdc_pkg/launch/world.launch.py
/home/goldminsu/self_driving_car_ws/install/prius_sdc_pkg/share/prius_sdc_pkg/worlds/self_driving_car.world
/home/goldminsu/self_driving_car_ws/install/prius_sdc_pkg/share/prius_sdc_pkg/worlds/Lane_follow_test.world
/home/goldminsu/self_driving_car_ws/install/prius_sdc_pkg/share/prius_sdc_pkg/worlds/test.world
/home/goldminsu/self_driving_car_ws/install/prius_sdc_pkg/lib/prius_sdc_pkg/lights_spawner.bash
/home/goldminsu/self_driving_car_ws/install/prius_sdc_pkg/lib/python3.8/site-packages/prius_sdc_pkg-0.0.0-py3.8.egg-info/dependency_links.txt
/home/goldminsu/self_driving_car_ws/install/prius_sdc_pkg/lib/python3.8/site-packages/prius_sdc_pkg-0.0.0-py3.8.egg-info/requires.txt
/home/goldminsu/self_driving_car_ws/install/prius_sdc_pkg/lib/python3.8/site-packages/prius_sdc_pkg-0.0.0-py3.8.egg-info/top_level.txt
/home/goldminsu/self_driving_car_ws/install/prius_sdc_pkg/lib/python3.8/site-packages/prius_sdc_pkg-0.0.0-py3.8.egg-info/PKG-INFO
/home/goldminsu/self_driving_car_ws/install/prius_sdc_pkg/lib/python3.8/site-packages/prius_sdc_pkg-0.0.0-py3.8.egg-info/SOURCES.txt
/home/goldminsu/self_driving_car_ws/install/prius_sdc_pkg/lib/python3.8/site-packages/prius_sdc_pkg-0.0.0-py3.8.egg-info/zip-safe
/home/goldminsu/self_driving_car_ws/install/prius_sdc_pkg/lib/python3.8/site-packages/prius_sdc_pkg-0.0.0-py3.8.egg-info/entry_points.txt
/home/goldminsu/self_driving_car_ws/install/prius_sdc_pkg/lib/prius_sdc_pkg/computer_vision_node
/home/goldminsu/self_driving_car_ws/install/prius_sdc_pkg/lib/prius_sdc_pkg/driver_node
/home/goldminsu/self_driving_car_ws/install/prius_sdc_pkg/lib/prius_sdc_pkg/recorder_node
/home/goldminsu/self_driving_car_ws/install/prius_sdc_pkg/lib/prius_sdc_pkg/spawner_node
